[GIN-debug] [WARNING] Running in "debug" mode. Switch to "release" mode in production.
 - using env:	export GIN_MODE=release
 - using code:	gin.SetMode(gin.ReleaseMode)

[GIN-debug] GET    /api/v1/                  --> project-name/cmd/handlers.HomeHandler.Home-fm (3 handlers)
[GIN-debug] POST   /api/v1/users             --> project-name/cmd/handlers.UserHandler.Create-fm (3 handlers)
[GIN-debug] POST   /api/v1/users/login       --> project-name/cmd/handlers.UserHandler.Login-fm (3 handlers)
[GIN-debug] GET    /api/v1/swagger/*any      --> github.com/swaggo/gin-swagger.CustomWrapHandler.func1 (3 handlers)
[GIN-debug] [WARNING] You trusted all proxies, this is NOT safe. We recommend you to set a value.
Please check https://pkg.go.dev/github.com/gin-gonic/gin#readme-don-t-trust-all-proxies for details.
[GIN-debug] Listening and serving HTTP on :8080
[GIN-debug] [WARNING] Running in "debug" mode. Switch to "release" mode in production.
 - using env:	export GIN_MODE=release
 - using code:	gin.SetMode(gin.ReleaseMode)

[GIN-debug] GET    /api/v1/                  --> project-name/cmd/handlers.HomeHandler.Home-fm (3 handlers)
[GIN-debug] POST   /api/v1/users             --> project-name/cmd/handlers.UserHandler.Create-fm (3 handlers)
[GIN-debug] POST   /api/v1/users/login       --> project-name/cmd/handlers.UserHandler.Login-fm (3 handlers)
[GIN-debug] GET    /api/v1/swagger/*any      --> github.com/swaggo/gin-swagger.CustomWrapHandler.func1 (3 handlers)
[GIN-debug] [WARNING] You trusted all proxies, this is NOT safe. We recommend you to set a value.
Please check https://pkg.go.dev/github.com/gin-gonic/gin#readme-don-t-trust-all-proxies for details.
[GIN-debug] Listening and serving HTTP on :8080
